INFO: 18:47:05 Size of options: 3
INFO: 18:47:06 J has been pressed, sel: 0
INFO: 18:47:06 Sel incremented: 1
INFO: 18:47:06 J has been pressed, sel: 1
INFO: 18:47:06 Sel incremented: 2
INFO: 18:47:07 K has been pressed, sel: 2
INFO: 18:47:07 Sel decremented: 1
INFO: 18:47:07 K has been pressed, sel: 1
INFO: 18:47:07 Sel decremented: 0
INFO: 18:47:07 J has been pressed, sel: 0
INFO: 18:47:07 Sel incremented: 1
INFO: 18:47:08 J has been pressed, sel: 1
INFO: 18:47:08 Sel incremented: 2
INFO: 18:47:08 K has been pressed, sel: 2
INFO: 18:47:08 Sel decremented: 1
INFO: 18:47:08 K has been pressed, sel: 1
INFO: 18:47:08 Sel decremented: 0
INFO: 18:47:09 J has been pressed, sel: 0
INFO: 18:47:09 Sel incremented: 1
INFO: 18:47:09 J has been pressed, sel: 1
INFO: 18:47:09 Sel incremented: 2
INFO: 18:47:09 K has been pressed, sel: 2
INFO: 18:47:09 Sel decremented: 1
INFO: 18:47:09 J has been pressed, sel: 1
INFO: 18:47:09 Sel incremented: 2
INFO: 18:47:10 J has been pressed, sel: 2
INFO: 18:47:10 Sel incremented: 3
INFO: 18:47:10 K has been pressed, sel: 3
INFO: 18:47:10 Sel decremented: 2
INFO: 18:47:10 K has been pressed, sel: 2
INFO: 18:47:10 Sel decremented: 1
INFO: 18:47:10 K has been pressed, sel: 1
INFO: 18:47:10 Sel decremented: 0
INFO: 18:47:10 J has been pressed, sel: 0
INFO: 18:47:10 Sel incremented: 1
INFO: 18:47:10 J has been pressed, sel: 1
INFO: 18:47:10 Sel incremented: 2
INFO: 18:47:10 K has been pressed, sel: 2
INFO: 18:47:10 Sel decremented: 1
INFO: 18:47:11 K has been pressed, sel: 1
INFO: 18:47:11 Sel decremented: 0
